# JRE version: OpenJDK Runtime Environment (8.0_242-b01) (build 1.8.0_242-release-1644-b01)
# Java VM: OpenJDK 64-Bit Server VM (25.242-b01 mixed mode windows-amd64 compressed oops)
Heap:
 PSYoungGen      total 334336K, used 149015K [0x00000000d5580000, 0x00000000ec980000, 0x0000000100000000)
  eden space 312832K, 40% used [0x00000000d5580000,0x00000000dd20b9d8,0x00000000e8700000)
  from space 21504K, 99% used [0x00000000eb480000,0x00000000ec97a2d0,0x00000000ec980000)
  to   space 26112K, 0% used [0x00000000e9680000,0x00000000e9680000,0x00000000eb000000)
 ParOldGen       total 98304K, used 39795K [0x0000000080000000, 0x0000000086000000, 0x00000000d5580000)
  object space 98304K, 40% used [0x0000000080000000,0x00000000826dcfe8,0x0000000086000000)
 Metaspace       used 70110K, capacity 73874K, committed 74008K, reserved 1112064K
  class space    used 9811K, capacity 10512K, committed 10544K, reserved 1048576K
GC Heap History (10 events):
Event: 4.700 GC heap before
{Heap before GC invocations=11 (full 2):
 PSYoungGen      total 201728K, used 9461K [0x00000000d5580000, 0x00000000e6c80000, 0x0000000100000000)
  eden space 189440K, 0% used [0x00000000d5580000,0x00000000d5580000,0x00000000e0e80000)
  from space 12288K, 76% used [0x00000000e0e80000,0x00000000e17bd540,0x00000000e1a80000)
  to   space 13312K, 0% used [0x00000000e5f80000,0x00000000e5f80000,0x00000000e6c80000)
 ParOldGen       total 39424K, used 7926K [0x0000000080000000, 0x0000000082680000, 0x00000000d5580000)
  object space 39424K, 20% used [0x0000000080000000,0x00000000807bd960,0x0000000082680000)
 Metaspace       used 34273K, capacity 35414K, committed 35496K, reserved 1079296K
  class space    used 4719K, capacity 5002K, committed 5040K, reserved 1048576K
Event: 4.750 GC heap after
Heap after GC invocations=11 (full 2):
 PSYoungGen      total 201728K, used 0K [0x00000000d5580000, 0x00000000e6c80000, 0x0000000100000000)
  eden space 189440K, 0% used [0x00000000d5580000,0x00000000d5580000,0x00000000e0e80000)
  from space 12288K, 0% used [0x00000000e0e80000,0x00000000e0e80000,0x00000000e1a80000)
  to   space 13312K, 0% used [0x00000000e5f80000,0x00000000e5f80000,0x00000000e6c80000)
 ParOldGen       total 59392K, used 15790K [0x0000000080000000, 0x0000000083a00000, 0x00000000d5580000)
  object space 59392K, 26% used [0x0000000080000000,0x0000000080f6bb08,0x0000000083a00000)
 Metaspace       used 34273K, capacity 35414K, committed 35496K, reserved 1079296K
  class space    used 4719K, capacity 5002K, committed 5040K, reserved 1048576K
}
Event: 6.432 GC heap before
{Heap before GC invocations=12 (full 2):
 PSYoungGen      total 201728K, used 189440K [0x00000000d5580000, 0x00000000e6c80000, 0x0000000100000000)
  eden space 189440K, 100% used [0x00000000d5580000,0x00000000e0e80000,0x00000000e0e80000)
  from space 12288K, 0% used [0x00000000e0e80000,0x00000000e0e80000,0x00000000e1a80000)
  to   space 13312K, 0% used [0x00000000e5f80000,0x00000000e5f80000,0x00000000e6c80000)
 ParOldGen       total 59392K, used 15790K [0x0000000080000000, 0x0000000083a00000, 0x00000000d5580000)
  object space 59392K, 26% used [0x0000000080000000,0x0000000080f6bb08,0x0000000083a00000)
 Metaspace       used 45374K, capacity 47232K, committed 47528K, reserved 1089536K
  class space    used 6147K, capacity 6494K, committed 6576K, reserved 1048576K
Event: 6.449 GC heap after
Heap after GC invocations=12 (full 2):
 PSYoungGen      total 267776K, used 13311K [0x00000000d5580000, 0x00000000e6d00000, 0x0000000100000000)
  eden space 254464K, 0% used [0x00000000d5580000,0x00000000d5580000,0x00000000e4e00000)
  from space 13312K, 99% used [0x00000000e5f80000,0x00000000e6c7fda0,0x00000000e6c80000)
  to   space 15872K, 0% used [0x00000000e4e00000,0x00000000e4e00000,0x00000000e5d80000)
 ParOldGen       total 59392K, used 17905K [0x0000000080000000, 0x0000000083a00000, 0x00000000d5580000)
  object space 59392K, 30% used [0x0000000080000000,0x000000008117c758,0x0000000083a00000)
 Metaspace       used 45374K, capacity 47232K, committed 47528K, reserved 1089536K
  class space    used 6147K, capacity 6494K, committed 6576K, reserved 1048576K
}
Event: 8.154 GC heap before
{Heap before GC invocations=13 (full 2):
 PSYoungGen      total 267776K, used 162686K [0x00000000d5580000, 0x00000000e6d00000, 0x0000000100000000)
  eden space 254464K, 58% used [0x00000000d5580000,0x00000000de75fba0,0x00000000e4e00000)
  from space 13312K, 99% used [0x00000000e5f80000,0x00000000e6c7fda0,0x00000000e6c80000)
  to   space 15872K, 0% used [0x00000000e4e00000,0x00000000e4e00000,0x00000000e5d80000)
 ParOldGen       total 59392K, used 17905K [0x0000000080000000, 0x0000000083a00000, 0x00000000d5580000)
  object space 59392K, 30% used [0x0000000080000000,0x000000008117c758,0x0000000083a00000)
 Metaspace       used 56722K, capacity 59084K, committed 59160K, reserved 1099776K
  class space    used 7765K, capacity 8221K, committed 8240K, reserved 1048576K
Event: 8.185 GC heap after
Heap after GC invocations=13 (full 2):
 PSYoungGen      total 270336K, used 15850K [0x00000000d5580000, 0x00000000ec980000, 0x0000000100000000)
  eden space 254464K, 0% used [0x00000000d5580000,0x00000000d5580000,0x00000000e4e00000)
  from space 15872K, 99% used [0x00000000e4e00000,0x00000000e5d7a930,0x00000000e5d80000)
  to   space 21504K, 0% used [0x00000000eb480000,0x00000000eb480000,0x00000000ec980000)
 ParOldGen       total 59392K, used 27640K [0x0000000080000000, 0x0000000083a00000, 0x00000000d5580000)
  object space 59392K, 46% used [0x0000000080000000,0x0000000081afe3a0,0x0000000083a00000)
 Metaspace       used 56722K, capacity 59084K, committed 59160K, reserved 1099776K
  class space    used 7765K, capacity 8221K, committed 8240K, reserved 1048576K
}
Event: 8.185 GC heap before
{Heap before GC invocations=14 (full 3):
 PSYoungGen      total 270336K, used 15850K [0x00000000d5580000, 0x00000000ec980000, 0x0000000100000000)
  eden space 254464K, 0% used [0x00000000d5580000,0x00000000d5580000,0x00000000e4e00000)
  from space 15872K, 99% used [0x00000000e4e00000,0x00000000e5d7a930,0x00000000e5d80000)
  to   space 21504K, 0% used [0x00000000eb480000,0x00000000eb480000,0x00000000ec980000)
 ParOldGen       total 59392K, used 27640K [0x0000000080000000, 0x0000000083a00000, 0x00000000d5580000)
  object space 59392K, 46% used [0x0000000080000000,0x0000000081afe3a0,0x0000000083a00000)
 Metaspace       used 56722K, capacity 59084K, committed 59160K, reserved 1099776K
  class space    used 7765K, capacity 8221K, committed 8240K, reserved 1048576K
Event: 8.405 GC heap after
Heap after GC invocations=14 (full 3):
 PSYoungGen      total 270336K, used 0K [0x00000000d5580000, 0x00000000ec980000, 0x0000000100000000)
  eden space 254464K, 0% used [0x00000000d5580000,0x00000000d5580000,0x00000000e4e00000)
  from space 15872K, 0% used [0x00000000e4e00000,0x00000000e4e00000,0x00000000e5d80000)
  to   space 21504K, 0% used [0x00000000eb480000,0x00000000eb480000,0x00000000ec980000)
 ParOldGen       total 98304K, used 37208K [0x0000000080000000, 0x0000000086000000, 0x00000000d5580000)
  object space 98304K, 37% used [0x0000000080000000,0x00000000824560a0,0x0000000086000000)
 Metaspace       used 56679K, capacity 58940K, committed 59160K, reserved 1099776K
  class space    used 7752K, capacity 8197K, committed 8240K, reserved 1048576K
}
Event: 12.466 GC heap before
{Heap before GC invocations=15 (full 3):
 PSYoungGen      total 270336K, used 254352K [0x00000000d5580000, 0x00000000ec980000, 0x0000000100000000)
  eden space 254464K, 99% used [0x00000000d5580000,0x00000000e4de4090,0x00000000e4e00000)
  from space 15872K, 0% used [0x00000000e4e00000,0x00000000e4e00000,0x00000000e5d80000)
  to   space 21504K, 0% used [0x00000000eb480000,0x00000000eb480000,0x00000000ec980000)
 ParOldGen       total 98304K, used 37208K [0x0000000080000000, 0x0000000086000000, 0x00000000d5580000)
  object space 98304K, 37% used [0x0000000080000000,0x00000000824560a0,0x0000000086000000)
 Metaspace       used 65096K, capacity 68326K, committed 68504K, reserved 1107968K
  class space    used 8988K, capacity 9596K, committed 9648K, reserved 1048576K
Event: 12.502 GC heap after
Heap after GC invocations=15 (full 3):
 PSYoungGen      total 334336K, used 21480K [0x00000000d5580000, 0x00000000ec980000, 0x0000000100000000)
  eden space 312832K, 0% used [0x00000000d5580000,0x00000000d5580000,0x00000000e8700000)
  from space 21504K, 99% used [0x00000000eb480000,0x00000000ec97a2d0,0x00000000ec980000)
  to   space 26112K, 0% used [0x00000000e9680000,0x00000000e9680000,0x00000000eb000000)
 ParOldGen       total 98304K, used 39795K [0x0000000080000000, 0x0000000086000000, 0x00000000d5580000)
  object space 98304K, 40% used [0x0000000080000000,0x00000000826dcfe8,0x0000000086000000)
 Metaspace       used 65096K, capacity 68326K, committed 68504K, reserved 1107968K
  class space    used 8988K, capacity 9596K, committed 9648K, reserved 1048576K
}

