# JRE version: OpenJDK Runtime Environment (8.0_242-b01) (build 1.8.0_242-release-1644-b01)
# Java VM: OpenJDK 64-Bit Server VM (25.242-b01 mixed mode windows-amd64 compressed oops)
Heap:
 PSYoungGen      total 322560K, used 12378K [0x00000000d5580000, 0x00000000eb980000, 0x0000000100000000)
  eden space 293376K, 1% used [0x00000000d5580000,0x00000000d5a213a8,0x00000000e7400000)
  from space 29184K, 26% used [0x00000000e8f00000,0x00000000e9675610,0x00000000eab80000)
  to   space 27648K, 0% used [0x00000000e7400000,0x00000000e7400000,0x00000000e8f00000)
 ParOldGen       total 91648K, used 91164K [0x0000000080000000, 0x0000000085980000, 0x00000000d5580000)
  object space 91648K, 99% used [0x0000000080000000,0x00000000859070f8,0x0000000085980000)
 Metaspace       used 84247K, capacity 88624K, committed 90008K, reserved 1126400K
  class space    used 11369K, capacity 12136K, committed 12464K, reserved 1048576K
GC Heap History (10 events):
Event: 15.342 GC heap before
{Heap before GC invocations=18 (full 3):
 PSYoungGen      total 252928K, used 252651K [0x00000000d5580000, 0x00000000e7700000, 0x0000000100000000)
  eden space 236032K, 100% used [0x00000000d5580000,0x00000000e3c00000,0x00000000e3c00000)
  from space 16896K, 98% used [0x00000000e6680000,0x00000000e76baf38,0x00000000e7700000)
  to   space 22016K, 0% used [0x00000000e4c00000,0x00000000e4c00000,0x00000000e6180000)
 ParOldGen       total 91648K, used 30721K [0x0000000080000000, 0x0000000085980000, 0x00000000d5580000)
  object space 91648K, 33% used [0x0000000080000000,0x0000000081e00540,0x0000000085980000)
 Metaspace       used 77958K, capacity 82224K, committed 82456K, reserved 1120256K
  class space    used 10760K, capacity 11556K, committed 11568K, reserved 1048576K
Event: 15.385 GC heap after
Heap after GC invocations=18 (full 3):
 PSYoungGen      total 274432K, used 22009K [0x00000000d5580000, 0x00000000eab80000, 0x0000000100000000)
  eden space 252416K, 0% used [0x00000000d5580000,0x00000000d5580000,0x00000000e4c00000)
  from space 22016K, 99% used [0x00000000e4c00000,0x00000000e617e628,0x00000000e6180000)
  to   space 29184K, 0% used [0x00000000e8f00000,0x00000000e8f00000,0x00000000eab80000)
 ParOldGen       total 91648K, used 41217K [0x0000000080000000, 0x0000000085980000, 0x00000000d5580000)
  object space 91648K, 44% used [0x0000000080000000,0x00000000828404f0,0x0000000085980000)
 Metaspace       used 77958K, capacity 82224K, committed 82456K, reserved 1120256K
  class space    used 10760K, capacity 11556K, committed 11568K, reserved 1048576K
}
Event: 18.054 GC heap before
{Heap before GC invocations=19 (full 3):
 PSYoungGen      total 274432K, used 274425K [0x00000000d5580000, 0x00000000eab80000, 0x0000000100000000)
  eden space 252416K, 100% used [0x00000000d5580000,0x00000000e4c00000,0x00000000e4c00000)
  from space 22016K, 99% used [0x00000000e4c00000,0x00000000e617e628,0x00000000e6180000)
  to   space 29184K, 0% used [0x00000000e8f00000,0x00000000e8f00000,0x00000000eab80000)
 ParOldGen       total 91648K, used 41217K [0x0000000080000000, 0x0000000085980000, 0x00000000d5580000)
  object space 91648K, 44% used [0x0000000080000000,0x00000000828404f0,0x0000000085980000)
 Metaspace       used 83249K, capacity 88198K, committed 88600K, reserved 1126400K
  class space    used 11399K, capacity 12237K, committed 12336K, reserved 1048576K
Event: 18.092 GC heap after
Heap after GC invocations=19 (full 3):
 PSYoungGen      total 322560K, used 11611K [0x00000000d5580000, 0x00000000eb980000, 0x0000000100000000)
  eden space 293376K, 0% used [0x00000000d5580000,0x00000000d5580000,0x00000000e7400000)
  from space 29184K, 39% used [0x00000000e8f00000,0x00000000e9a56eb0,0x00000000eab80000)
  to   space 27648K, 0% used [0x00000000e7400000,0x00000000e7400000,0x00000000e8f00000)
 ParOldGen       total 91648K, used 60714K [0x0000000080000000, 0x0000000085980000, 0x00000000d5580000)
  object space 91648K, 66% used [0x0000000080000000,0x0000000083b4abf8,0x0000000085980000)
 Metaspace       used 83249K, capacity 88198K, committed 88600K, reserved 1126400K
  class space    used 11399K, capacity 12237K, committed 12336K, reserved 1048576K
}
Event: 19.802 GC heap before
{Heap before GC invocations=20 (full 3):
 PSYoungGen      total 322560K, used 304987K [0x00000000d5580000, 0x00000000eb980000, 0x0000000100000000)
  eden space 293376K, 100% used [0x00000000d5580000,0x00000000e7400000,0x00000000e7400000)
  from space 29184K, 39% used [0x00000000e8f00000,0x00000000e9a56eb0,0x00000000eab80000)
  to   space 27648K, 0% used [0x00000000e7400000,0x00000000e7400000,0x00000000e8f00000)
 ParOldGen       total 91648K, used 60714K [0x0000000080000000, 0x0000000085980000, 0x00000000d5580000)
  object space 91648K, 66% used [0x0000000080000000,0x0000000083b4abf8,0x0000000085980000)
 Metaspace       used 83725K, capacity 88646K, committed 88856K, reserved 1126400K
  class space    used 11420K, capacity 12279K, committed 12336K, reserved 1048576K
Event: 19.817 GC heap after
Heap after GC invocations=20 (full 3):
 PSYoungGen      total 321024K, used 7138K [0x00000000d5580000, 0x00000000eb980000, 0x0000000100000000)
  eden space 293376K, 0% used [0x00000000d5580000,0x00000000d5580000,0x00000000e7400000)
  from space 27648K, 25% used [0x00000000e7400000,0x00000000e7af8b68,0x00000000e8f00000)
  to   space 29184K, 0% used [0x00000000e8f00000,0x00000000e8f00000,0x00000000eab80000)
 ParOldGen       total 91648K, used 60722K [0x0000000080000000, 0x0000000085980000, 0x00000000d5580000)
  object space 91648K, 66% used [0x0000000080000000,0x0000000083b4cbf8,0x0000000085980000)
 Metaspace       used 83725K, capacity 88646K, committed 88856K, reserved 1126400K
  class space    used 11420K, capacity 12279K, committed 12336K, reserved 1048576K
}
Event: 22.533 GC heap before
{Heap before GC invocations=21 (full 3):
 PSYoungGen      total 321024K, used 300493K [0x00000000d5580000, 0x00000000eb980000, 0x0000000100000000)
  eden space 293376K, 99% used [0x00000000d5580000,0x00000000e73fac18,0x00000000e7400000)
  from space 27648K, 25% used [0x00000000e7400000,0x00000000e7af8b68,0x00000000e8f00000)
  to   space 29184K, 0% used [0x00000000e8f00000,0x00000000e8f00000,0x00000000eab80000)
 ParOldGen       total 91648K, used 60722K [0x0000000080000000, 0x0000000085980000, 0x00000000d5580000)
  object space 91648K, 66% used [0x0000000080000000,0x0000000083b4cbf8,0x0000000085980000)
 Metaspace       used 84605K, capacity 89646K, committed 90008K, reserved 1126400K
  class space    used 11487K, capacity 12343K, committed 12464K, reserved 1048576K
Event: 22.598 GC heap after
Heap after GC invocations=21 (full 3):
 PSYoungGen      total 322560K, used 29158K [0x00000000d5580000, 0x00000000eb980000, 0x0000000100000000)
  eden space 293376K, 0% used [0x00000000d5580000,0x00000000d5580000,0x00000000e7400000)
  from space 29184K, 99% used [0x00000000e8f00000,0x00000000eab79be8,0x00000000eab80000)
  to   space 27648K, 0% used [0x00000000e7400000,0x00000000e7400000,0x00000000e8f00000)
 ParOldGen       total 91648K, used 82633K [0x0000000080000000, 0x0000000085980000, 0x00000000d5580000)
  object space 91648K, 90% used [0x0000000080000000,0x00000000850b2658,0x0000000085980000)
 Metaspace       used 84605K, capacity 89646K, committed 90008K, reserved 1126400K
  class space    used 11487K, capacity 12343K, committed 12464K, reserved 1048576K
}
Event: 22.598 GC heap before
{Heap before GC invocations=22 (full 4):
 PSYoungGen      total 322560K, used 29158K [0x00000000d5580000, 0x00000000eb980000, 0x0000000100000000)
  eden space 293376K, 0% used [0x00000000d5580000,0x00000000d5580000,0x00000000e7400000)
  from space 29184K, 99% used [0x00000000e8f00000,0x00000000eab79be8,0x00000000eab80000)
  to   space 27648K, 0% used [0x00000000e7400000,0x00000000e7400000,0x00000000e8f00000)
 ParOldGen       total 91648K, used 82633K [0x0000000080000000, 0x0000000085980000, 0x00000000d5580000)
  object space 91648K, 90% used [0x0000000080000000,0x00000000850b2658,0x0000000085980000)
 Metaspace       used 84605K, capacity 89646K, committed 90008K, reserved 1126400K
  class space    used 11487K, capacity 12343K, committed 12464K, reserved 1048576K
Event: 23.257 GC heap after
Heap after GC invocations=22 (full 4):
 PSYoungGen      total 322560K, used 7637K [0x00000000d5580000, 0x00000000eb980000, 0x0000000100000000)
  eden space 293376K, 0% used [0x00000000d5580000,0x00000000d5580000,0x00000000e7400000)
  from space 29184K, 26% used [0x00000000e8f00000,0x00000000e9675610,0x00000000eab80000)
  to   space 27648K, 0% used [0x00000000e7400000,0x00000000e7400000,0x00000000e8f00000)
 ParOldGen       total 91648K, used 91164K [0x0000000080000000, 0x0000000085980000, 0x00000000d5580000)
  object space 91648K, 99% used [0x0000000080000000,0x00000000859070f8,0x0000000085980000)
 Metaspace       used 84247K, capacity 88624K, committed 90008K, reserved 1126400K
  class space    used 11369K, capacity 12136K, committed 12464K, reserved 1048576K
}

